{"logTime": "0423/015827", "correlationVector":"FnW0zAM9fZwOSHm81HonV3.1","action":"SyncServerConnectionManagerRequest", "result":"SYNC_SERVER_OK", "context":{"environment":"Prod_southeastasia_prod-s01-065-apac-southeastasia", "migrationStage":"NotStarted", "server":"akswtt00600000t"}}
{"logTime": "0423/015827", "correlationVector":"FnW0zAM9fZwOSHm81HonV3.2","action":"ProcessGetUpdates", "result":"Done", "context":{"dataType":"Encryption Keys", "deleted":"0", "process_failed_to_decrypt":"0", "process_pending_decryption":"0", "process_success":"1", "total":"1"}}
{"logTime": "0423/015829", "correlationVector":"DpfGYP9buPhw9WHMc8Fs8+","action":"SyncServerConnectionManagerRequest", "result":"SYNC_SERVER_OK", "context":{"environment":"", "migrationStage":"", "server":""}}
{"logTime": "0423/015829", "correlationVector":"DpfGYP9buPhw9WHMc8Fs8+.0","action":"EncryptionKeysFetcher.DownloadKeys:", "result":"Success", "context":Key count: 2, Last key timestamp: 2025-04-01T11:43:40Z}
{"logTime": "0423/015829", "correlationVector":"DpfGYP9buPhw9WHMc8Fs8+.1","action":"EncryptionKeysManager::SetEncryptionKeys:", "result":"Success", "context":Key names[2]:[jl/E2UncZsCM2sKV/m5YAEMz4nzrcGW79F+XQIGVZPHEinQTgX9/4Fp0EYJSWHsZFBAhAme66hx11CKKcnKGQA==][u9zmbMqaI4sTzY30AawLN0v47jPmdpAFhA5UMHQZVM/JqyoipCtcVBQM4SwfhbPcGOSZcNkdLS0IhOT2c2MBjw==]}
{"logTime": "0423/015829", "correlationVector":"DpfGYP9buPhw9WHMc8Fs8+.2","action":"EncryptionKeysManager::SetEncryptionKeysWithTimestamps:", "result":"Success", "context":Key timestamps[2]:[2024-09-24T01:46:29Z][2025-04-01T11:43:40Z]}
{"logTime": "0423/015829", "correlationVector":"FnW0zAM9fZwOSHm81HonV3","action":"Initial GetUpdates", "result":"", "context":Reason: NEW_CLIENT. cV=FnW0zAM9fZwOSHm81HonV3}
{"logTime": "0423/015829", "correlationVector":"FnW0zAM9fZwOSHm81HonV3.3","action":"GetUpdates Response", "result":"Success", "context":Received 1 update(s). cV=FnW0zAM9fZwOSHm81HonV3.0;server=akswtt00600000t;cloudType=Consumer;environment=Prod_southeastasia_prod-s01-065-apac-southeastasia;migrationStage=NotStarted}
{"logTime": "0423/015829", "correlationVector":"kzesKgggq8570SKMzQrBxU","action":"Initial GetUpdates", "result":"", "context":Reason: NEWLY_SUPPORTED_DATATYPE. cV=kzesKgggq8570SKMzQrBxU}
{"logTime": "0423/015833", "correlationVector":"kzesKgggq8570SKMzQrBxU.1","action":"SyncServerConnectionManagerRequest", "result":"SYNC_SERVER_OK", "context":{"environment":"Prod_southeastasia_prod-s01-064-apac-southeastasia", "migrationStage":"NotStarted", "server":"akswtt00600003o"}}
{"logTime": "0423/015833", "correlationVector":"kzesKgggq8570SKMzQrBxU.2","action":"ProcessGetUpdates", "result":"Done", "context":{"dataType":"Preferences", "deleted":"0", "process_failed_to_decrypt":"0", "process_pending_decryption":"0", "process_success":"41", "total":"41"}}
{"logTime": "0423/015833", "correlationVector":"kzesKgggq8570SKMzQrBxU.3","action":"ProcessGetUpdates", "result":"Done", "context":{"dataType":"Passwords", "deleted":"0", "process_failed_to_decrypt":"0", "process_pending_decryption":"0", "process_success":"55", "total":"55"}}
{"logTime": "0423/015833", "correlationVector":"kzesKgggq8570SKMzQrBxU.4","action":"ProcessGetUpdates", "result":"Done", "context":{"dataType":"Device Info", "deleted":"0", "process_failed_to_decrypt":"0", "process_pending_decryption":"0", "process_success":"1", "total":"1"}}
{"logTime": "0423/015833", "correlationVector":"kzesKgggq8570SKMzQrBxU.5","action":"GetUpdates Response", "result":"Success", "context":Received 97 update(s). cV=kzesKgggq8570SKMzQrBxU.0;server=akswtt00600003o;cloudType=Consumer;environment=Prod_southeastasia_prod-s01-064-apac-southeastasia;migrationStage=NotStarted}
{"logTime": "0423/015833", "correlationVector":"QrkYJgVm9PhYMEsxRmhm/u","action":"Initial GetUpdates", "result":"", "context":Reason: NEWLY_SUPPORTED_DATATYPE. cV=QrkYJgVm9PhYMEsxRmhm/u}
{"logTime": "0423/015833", "correlationVector":"QrkYJgVm9PhYMEsxRmhm/u.1","action":"SyncServerConnectionManagerRequest", "result":"SYNC_SERVER_OK", "context":{"environment":"Prod_southeastasia_prod-s01-064-apac-southeastasia", "migrationStage":"NotStarted", "server":"akswtt00600007i"}}
{"logTime": "0423/015833", "correlationVector":"QrkYJgVm9PhYMEsxRmhm/u.2","action":"ProcessGetUpdates", "result":"Done", "context":{"dataType":"Bookmarks", "deleted":"0", "process_failed_to_decrypt":"0", "process_pending_decryption":"0", "process_success":"10", "total":"10"}}
{"logTime": "0423/015833", "correlationVector":"QrkYJgVm9PhYMEsxRmhm/u.3","action":"GetUpdates Response", "result":"Success", "context":Received 10 update(s). cV=QrkYJgVm9PhYMEsxRmhm/u.0;server=akswtt00600007i;cloudType=Consumer;environment=Prod_southeastasia_prod-s01-064-apac-southeastasia;migrationStage=NotStarted}
{"logTime": "0423/015833", "correlationVector":"PGi+fawlUMef60zxLXqQ8f","action":"Initial GetUpdates", "result":"", "context":Reason: NEWLY_SUPPORTED_DATATYPE. cV=PGi+fawlUMef60zxLXqQ8f}
{"logTime": "0423/015835", "correlationVector":"PGi+fawlUMef60zxLXqQ8f.1","action":"SyncServerConnectionManagerRequest", "result":"SYNC_SERVER_OK", "context":{"environment":"Prod_southeastasia_prod-s01-064-apac-southeastasia", "migrationStage":"NotStarted", "server":"akswtt00600003o"}}
{"logTime": "0423/015835", "correlationVector":"PGi+fawlUMef60zxLXqQ8f.2","action":"ProcessGetUpdates", "result":"Done", "context":{"dataType":"Autofill Profiles", "deleted":"0", "process_failed_to_decrypt":"0", "process_pending_decryption":"0", "process_success":"1", "total":"1"}}
{"logTime": "0423/015835", "correlationVector":"PGi+fawlUMef60zxLXqQ8f.3","action":"ProcessGetUpdates", "result":"Done", "context":{"dataType":"Autofill", "deleted":"0", "process_failed_to_decrypt":"0", "process_pending_decryption":"0", "process_success":"182", "total":"182"}}
{"logTime": "0423/015835", "correlationVector":"PGi+fawlUMef60zxLXqQ8f.4","action":"ProcessGetUpdates", "result":"Done", "context":{"dataType":"Extensions", "deleted":"0", "process_failed_to_decrypt":"0", "process_pending_decryption":"0", "process_success":"3", "total":"3"}}
{"logTime": "0423/015835", "correlationVector":"PGi+fawlUMef60zxLXqQ8f.5","action":"ProcessGetUpdates", "result":"Done", "context":{"dataType":"Sessions", "deleted":"55", "process_failed_to_decrypt":"0", "process_pending_decryption":"0", "process_success":"55", "total":"55"}}
{"logTime": "0423/015835", "correlationVector":"PGi+fawlUMef60zxLXqQ8f.6","action":"ProcessGetUpdates", "result":"Done", "context":{"dataType":"Edge Hub App Usage", "deleted":"8", "process_failed_to_decrypt":"0", "process_pending_decryption":"0", "process_success":"9", "total":"9"}}
{"logTime": "0423/015835", "correlationVector":"PGi+fawlUMef60zxLXqQ8f.7","action":"GetUpdates Response", "result":"Success", "context":Received 250 update(s). cV=PGi+fawlUMef60zxLXqQ8f.0;server=akswtt00600003o;cloudType=Consumer;environment=Prod_southeastasia_prod-s01-064-apac-southeastasia;migrationStage=NotStarted Some updates remain.}
{"logTime": "0423/015835", "correlationVector":"JRFRFwnlCdSRmOy/d2GTMy","action":"Initial GetUpdates", "result":"", "context":Reason: NEWLY_SUPPORTED_DATATYPE. cV=JRFRFwnlCdSRmOy/d2GTMy}
{"logTime": "0423/015835", "correlationVector":"JRFRFwnlCdSRmOy/d2GTMy.1","action":"SyncServerConnectionManagerRequest", "result":"SYNC_SERVER_OK", "context":{"environment":"Prod_southeastasia_prod-s01-064-apac-southeastasia", "migrationStage":"NotStarted", "server":"akswtt006000045"}}
{"logTime": "0423/015835", "correlationVector":"JRFRFwnlCdSRmOy/d2GTMy.2","action":"ProcessGetUpdates", "result":"Done", "context":{"dataType":"Autofill", "deleted":"0", "process_failed_to_decrypt":"0", "process_pending_decryption":"0", "process_success":"8", "total":"8"}}
{"logTime": "0423/015835", "correlationVector":"JRFRFwnlCdSRmOy/d2GTMy.3","action":"ProcessGetUpdates", "result":"Done", "context":{"dataType":"Sessions", "deleted":"3", "process_failed_to_decrypt":"0", "process_pending_decryption":"0", "process_success":"3", "total":"3"}}
{"logTime": "0423/015835", "correlationVector":"JRFRFwnlCdSRmOy/d2GTMy.4","action":"ProcessGetUpdates", "result":"Done", "context":{"dataType":"Edge Hub App Usage", "deleted":"0", "process_failed_to_decrypt":"0", "process_pending_decryption":"0", "process_success":"1", "total":"1"}}
{"logTime": "0423/015835", "correlationVector":"JRFRFwnlCdSRmOy/d2GTMy.5","action":"GetUpdates Response", "result":"Success", "context":Received 12 update(s). cV=JRFRFwnlCdSRmOy/d2GTMy.0;server=akswtt006000045;cloudType=Consumer;environment=Prod_southeastasia_prod-s01-064-apac-southeastasia;migrationStage=NotStarted}
{"logTime": "0423/015835", "correlationVector":"zuTcaSEj11wQMthUz7myOw","action":"Initial GetUpdates", "result":"", "context":Reason: NEWLY_SUPPORTED_DATATYPE. cV=zuTcaSEj11wQMthUz7myOw}
{"logTime": "0423/015835", "correlationVector":"zuTcaSEj11wQMthUz7myOw.1","action":"SyncServerConnectionManagerRequest", "result":"SYNC_SERVER_OK", "context":{"environment":"Prod_southeastasia_prod-s01-064-apac-southeastasia", "migrationStage":"NotStarted", "server":"akswtt00600007i"}}
{"logTime": "0423/015835", "correlationVector":"zuTcaSEj11wQMthUz7myOw.2","action":"GetUpdates Response", "result":"Success", "context":Received 0 update(s). cV=zuTcaSEj11wQMthUz7myOw.0;server=akswtt00600007i;cloudType=Consumer;environment=Prod_southeastasia_prod-s01-064-apac-southeastasia;migrationStage=NotStarted}
{"logTime": "0423/015836", "correlationVector":"/FCzHuWB5VW63RKJP9pmgy","action":"Normal GetUpdate request", "result":"", "context":cV=/FCzHuWB5VW63RKJP9pmgy
Nudged types: Preferences, Sessions, Device Info, User Consents
Refresh requested types: Bookmarks, Preferences, Passwords, Autofill Profiles, Autofill, Extensions, Sessions, Extension settings, History Delete Directives, Device Info, User Consents, Send Tab To Self, Web Apps, History, Saved Tab Group, Collection, Edge E Drop, Edge Hub App Usage, Edge Tab Group, Edge Wallet, Encryption Keys}
{"logTime": "0423/015836", "correlationVector":"/FCzHuWB5VW63RKJP9pmgy.1","action":"SyncServerConnectionManagerRequest", "result":"SYNC_SERVER_OK", "context":{"environment":"Prod_southeastasia_prod-s01-064-apac-southeastasia", "migrationStage":"NotStarted", "server":"akswtt00600003o"}}
{"logTime": "0423/015836", "correlationVector":"/FCzHuWB5VW63RKJP9pmgy.2","action":"GetUpdates Response", "result":"Success", "context":Received 0 update(s). cV=/FCzHuWB5VW63RKJP9pmgy.0;server=akswtt00600003o;cloudType=Consumer;environment=Prod_southeastasia_prod-s01-064-apac-southeastasia;migrationStage=NotStarted}
{"logTime": "0423/015836", "correlationVector":"IWZc/mXwsBcgQyaweLPgPJ","action":"Commit Request", "result":"", "context":Item count: 7
Contributing types: Preferences, Sessions, Device Info, User Consents}
{"logTime": "0423/015836", "correlationVector":"IWZc/mXwsBcgQyaweLPgPJ.1","action":"SyncServerConnectionManagerRequest", "result":"SYNC_SERVER_OK", "context":{"environment":"Prod_southeastasia_prod-s01-064-apac-southeastasia", "migrationStage":"NotStarted", "server":"akswtt006000045"}}
{"logTime": "0423/015836", "correlationVector":"IWZc/mXwsBcgQyaweLPgPJ.2","action":"Commit Response", "result":"Success", "context":Result: Success. cV=IWZc/mXwsBcgQyaweLPgPJ.0;server=akswtt006000045;cloudType=Consumer;environment=Prod_southeastasia_prod-s01-064-apac-southeastasia;migrationStage=NotStarted}
{"logTime": "0423/015937", "correlationVector":"/3FcnVwNWYpK/ACmGTAYrq","action":"Commit Request", "result":"", "context":Item count: 4
Contributing types: Sessions, History}
{"logTime": "0423/015937", "correlationVector":"/3FcnVwNWYpK/ACmGTAYrq.1","action":"SyncServerConnectionManagerRequest", "result":"SYNC_SERVER_OK", "context":{"environment":"Prod_southeastasia_prod-s01-064-apac-southeastasia", "migrationStage":"NotStarted", "server":"akswtt006000045"}}
{"logTime": "0423/015937", "correlationVector":"/3FcnVwNWYpK/ACmGTAYrq.2","action":"Commit Response", "result":"Success", "context":Result: Success. cV=/3FcnVwNWYpK/ACmGTAYrq.0;server=akswtt006000045;cloudType=Consumer;environment=Prod_southeastasia_prod-s01-064-apac-southeastasia;migrationStage=NotStarted}
